<?xml version="1.0" encoding="UTF-8"?>
<!-- Generated by org.testng.reporters.JUnitReportReporter -->
<testsuite hostname="DESKTOP-9M7RVCQ" failures="0" tests="2" name="Qaclickacademy.SeleniumTest" time="0.007" errors="0" timestamp="2021-05-13T20:52:40 IST" skipped="0">
  <testcase classname="Qaclickacademy.SeleniumTest" name="browserinvocation" time="0.006"/>
  <system-out/>
  <testcase classname="Qaclickacademy.SeleniumTest" name="urldow" time="0.001"/>
  <system-out/>
</testsuite> <!-- Qaclickacademy.SeleniumTest -->
