<?xml version="1.0" encoding="UTF-8"?>
<!-- Generated by org.testng.reporters.JUnitReportReporter -->
<testsuite hostname="DESKTOP-9M7RVCQ" failures="0" tests="1" name="Qaclickacademy.APITest" time="0.003" errors="0" timestamp="2021-04-07T23:05:36 IST" skipped="0">
  <testcase classname="Qaclickacademy.APITest" name="apitest" time="0.003"/>
  <system-out/>
</testsuite> <!-- Qaclickacademy.APITest -->
